# JRE version: OpenJDK Runtime Environment (7.0_79-b14) (build 1.7.0_79-b14)
# Java VM: OpenJDK 64-Bit Server VM (24.79-b02 mixed mode linux-amd64 compressed oops)
Heap
 PSYoungGen      total 200192K, used 7648K [0x00000007c2000000, 0x00000007ceb00000, 0x0000000800000000)
  eden space 192512K, 0% used [0x00000007c2000000,0x00000007c2000000,0x00000007cdc00000)
  from space 7680K, 99% used [0x00000007cdc00000,0x00000007ce378030,0x00000007ce380000)
  to   space 7680K, 0% used [0x00000007ce380000,0x00000007ce380000,0x00000007ceb00000)
 ParOldGen       total 126976K, used 59517K [0x0000000746000000, 0x000000074dc00000, 0x00000007c2000000)
  object space 126976K, 46% used [0x0000000746000000,0x0000000749a1f788,0x000000074dc00000)
 PSPermGen       total 22528K, used 22304K [0x000000073ba00000, 0x000000073d000000, 0x0000000746000000)
  object space 22528K, 99% used [0x000000073ba00000,0x000000073cfc8020,0x000000073d000000)
GC Heap History (9 events):
Event: 0.970 GC heap before
{Heap before GC invocations=1 (full 0):
 PSYoungGen      total 55808K, used 48128K [0x00000007c2000000, 0x00000007c5e00000, 0x0000000800000000)
  eden space 48128K, 100% used [0x00000007c2000000,0x00000007c4f00000,0x00000007c4f00000)
  from space 7680K, 0% used [0x00000007c5680000,0x00000007c5680000,0x00000007c5e00000)
  to   space 7680K, 0% used [0x00000007c4f00000,0x00000007c4f00000,0x00000007c5680000)
 ParOldGen       total 126976K, used 0K [0x0000000746000000, 0x000000074dc00000, 0x00000007c2000000)
  object space 126976K, 0% used [0x0000000746000000,0x0000000746000000,0x000000074dc00000)
 PSPermGen       total 21504K, used 9462K [0x000000073ba00000, 0x000000073cf00000, 0x0000000746000000)
  object space 21504K, 44% used [0x000000073ba00000,0x000000073c33d880,0x000000073cf00000)
Event: 0.994 GC heap after
Heap after GC invocations=1 (full 0):
 PSYoungGen      total 55808K, used 6201K [0x00000007c2000000, 0x00000007c8d00000, 0x0000000800000000)
  eden space 48128K, 0% used [0x00000007c2000000,0x00000007c2000000,0x00000007c4f00000)
  from space 7680K, 80% used [0x00000007c4f00000,0x00000007c550e408,0x00000007c5680000)
  to   space 7680K, 0% used [0x00000007c8580000,0x00000007c8580000,0x00000007c8d00000)
 ParOldGen       total 126976K, used 8K [0x0000000746000000, 0x000000074dc00000, 0x00000007c2000000)
  object space 126976K, 0% used [0x0000000746000000,0x0000000746002000,0x000000074dc00000)
 PSPermGen       total 21504K, used 9462K [0x000000073ba00000, 0x000000073cf00000, 0x0000000746000000)
  object space 21504K, 44% used [0x000000073ba00000,0x000000073c33d880,0x000000073cf00000)
}
Event: 2.248 GC heap before
{Heap before GC invocations=2 (full 0):
 PSYoungGen      total 55808K, used 54329K [0x00000007c2000000, 0x00000007c8d00000, 0x0000000800000000)
  eden space 48128K, 100% used [0x00000007c2000000,0x00000007c4f00000,0x00000007c4f00000)
  from space 7680K, 80% used [0x00000007c4f00000,0x00000007c550e408,0x00000007c5680000)
  to   space 7680K, 0% used [0x00000007c8580000,0x00000007c8580000,0x00000007c8d00000)
 ParOldGen       total 126976K, used 8K [0x0000000746000000, 0x000000074dc00000, 0x00000007c2000000)
  object space 126976K, 0% used [0x0000000746000000,0x0000000746002000,0x000000074dc00000)
 PSPermGen       total 21504K, used 14543K [0x000000073ba00000, 0x000000073cf00000, 0x0000000746000000)
  object space 21504K, 67% used [0x000000073ba00000,0x000000073c833c48,0x000000073cf00000)
Event: 2.263 GC heap after
Heap after GC invocations=2 (full 0):
 PSYoungGen      total 103936K, used 7650K [0x00000007c2000000, 0x00000007c8d00000, 0x0000000800000000)
  eden space 96256K, 0% used [0x00000007c2000000,0x00000007c2000000,0x00000007c7e00000)
  from space 7680K, 99% used [0x00000007c8580000,0x00000007c8cf8968,0x00000007c8d00000)
  to   space 7680K, 0% used [0x00000007c7e00000,0x00000007c7e00000,0x00000007c8580000)
 ParOldGen       total 126976K, used 892K [0x0000000746000000, 0x000000074dc00000, 0x00000007c2000000)
  object space 126976K, 0% used [0x0000000746000000,0x00000007460df378,0x000000074dc00000)
 PSPermGen       total 21504K, used 14543K [0x000000073ba00000, 0x000000073cf00000, 0x0000000746000000)
  object space 21504K, 67% used [0x000000073ba00000,0x000000073c833c48,0x000000073cf00000)
}
Event: 3.854 GC heap before
{Heap before GC invocations=3 (full 0):
 PSYoungGen      total 103936K, used 103906K [0x00000007c2000000, 0x00000007c8d00000, 0x0000000800000000)
  eden space 96256K, 100% used [0x00000007c2000000,0x00000007c7e00000,0x00000007c7e00000)
  from space 7680K, 99% used [0x00000007c8580000,0x00000007c8cf8968,0x00000007c8d00000)
  to   space 7680K, 0% used [0x00000007c7e00000,0x00000007c7e00000,0x00000007c8580000)
 ParOldGen       total 126976K, used 892K [0x0000000746000000, 0x000000074dc00000, 0x00000007c2000000)
  object space 126976K, 0% used [0x0000000746000000,0x00000007460df378,0x000000074dc00000)
 PSPermGen       total 21504K, used 16900K [0x000000073ba00000, 0x000000073cf00000, 0x0000000746000000)
  object space 21504K, 78% used [0x000000073ba00000,0x000000073ca812f0,0x000000073cf00000)
Event: 3.883 GC heap after
Heap after GC invocations=3 (full 0):
 PSYoungGen      total 103936K, used 7664K [0x00000007c2000000, 0x00000007ceb00000, 0x0000000800000000)
  eden space 96256K, 0% used [0x00000007c2000000,0x00000007c2000000,0x00000007c7e00000)
  from space 7680K, 99% used [0x00000007c7e00000,0x00000007c857c010,0x00000007c8580000)
  to   space 7680K, 0% used [0x00000007ce380000,0x00000007ce380000,0x00000007ceb00000)
 ParOldGen       total 126976K, used 4806K [0x0000000746000000, 0x000000074dc00000, 0x00000007c2000000)
  object space 126976K, 3% used [0x0000000746000000,0x00000007464b1bf0,0x000000074dc00000)
 PSPermGen       total 21504K, used 16900K [0x000000073ba00000, 0x000000073cf00000, 0x0000000746000000)
  object space 21504K, 78% used [0x000000073ba00000,0x000000073ca812f0,0x000000073cf00000)
}
Event: 5.429 GC heap before
{Heap before GC invocations=4 (full 0):
 PSYoungGen      total 103936K, used 103920K [0x00000007c2000000, 0x00000007ceb00000, 0x0000000800000000)
  eden space 96256K, 100% used [0x00000007c2000000,0x00000007c7e00000,0x00000007c7e00000)
  from space 7680K, 99% used [0x00000007c7e00000,0x00000007c857c010,0x00000007c8580000)
  to   space 7680K, 0% used [0x00000007ce380000,0x00000007ce380000,0x00000007ceb00000)
 ParOldGen       total 126976K, used 4806K [0x0000000746000000, 0x000000074dc00000, 0x00000007c2000000)
  object space 126976K, 3% used [0x0000000746000000,0x00000007464b1bf0,0x000000074dc00000)
 PSPermGen       total 22528K, used 22161K [0x000000073ba00000, 0x000000073d000000, 0x0000000746000000)
  object space 22528K, 98% used [0x000000073ba00000,0x000000073cfa44f8,0x000000073d000000)
Event: 5.455 GC heap after
Heap after GC invocations=4 (full 0):
 PSYoungGen      total 200192K, used 7648K [0x00000007c2000000, 0x00000007ceb00000, 0x0000000800000000)
  eden space 192512K, 0% used [0x00000007c2000000,0x00000007c2000000,0x00000007cdc00000)
  from space 7680K, 99% used [0x00000007ce380000,0x00000007ceaf8030,0x00000007ceb00000)
  to   space 7680K, 0% used [0x00000007cdc00000,0x00000007cdc00000,0x00000007ce380000)
 ParOldGen       total 126976K, used 16129K [0x0000000746000000, 0x000000074dc00000, 0x00000007c2000000)
  object space 126976K, 12% used [0x0000000746000000,0x0000000746fc0590,0x000000074dc00000)
 PSPermGen       total 22528K, used 22161K [0x000000073ba00000, 0x000000073d000000, 0x0000000746000000)
  object space 22528K, 98% used [0x000000073ba00000,0x000000073cfa44f8,0x000000073d000000)
}
Event: 7.128 GC heap before
{Heap before GC invocations=5 (full 0):
 PSYoungGen      total 200192K, used 200160K [0x00000007c2000000, 0x00000007ceb00000, 0x0000000800000000)
  eden space 192512K, 100% used [0x00000007c2000000,0x00000007cdc00000,0x00000007cdc00000)
  from space 7680K, 99% used [0x00000007ce380000,0x00000007ceaf8030,0x00000007ceb00000)
  to   space 7680K, 0% used [0x00000007cdc00000,0x00000007cdc00000,0x00000007ce380000)
 ParOldGen       total 126976K, used 16129K [0x0000000746000000, 0x000000074dc00000, 0x00000007c2000000)
  object space 126976K, 12% used [0x0000000746000000,0x0000000746fc0590,0x000000074dc00000)
 PSPermGen       total 22528K, used 22304K [0x000000073ba00000, 0x000000073d000000, 0x0000000746000000)
  object space 22528K, 99% used [0x000000073ba00000,0x000000073cfc8020,0x000000073d000000)

